<?xml version="1.0" encoding="UTF-8"?>
<!-- Generated by org.testng.reporters.JUnitXMLReporter -->
<testsuite ignored="0" hostname="PremKumar" failures="0" tests="4" name="Default test" time="5.404" errors="0" timestamp="2026-05-12T22:52:38 IST">
  <testcase classname="api.tests.UserTest" name="testCreateUser" time="3.511"/>
  <testcase classname="api.tests.UserTest" name="testUpdateUser" time="0.403"/>
  <testcase classname="api.tests.UserTest" name="testGetUser" time="0.851"/>
  <testcase classname="api.tests.UserTest" name="testDeleteUser" time="0.411"/>
</testsuite> <!-- Default test -->
