<?xml version="1.0" encoding="UTF-8"?>
<!-- Generated by org.testng.reporters.JUnitXMLReporter -->
<testsuite ignored="0" hostname="PremKumar" failures="0" tests="3" name="Default test" time="5.298" errors="0" timestamp="2026-05-13T11:31:15 IST">
  <testcase classname="api.tests.DataDrivenTests" name="testCreateUser" time="3.198"/>
  <testcase classname="api.tests.DataDrivenTests" name="testCreateUser" time="0.319"/>
  <testcase classname="api.tests.DataDrivenTests" name="testCreateUser" time="0.375"/>
</testsuite> <!-- Default test -->
