<?xml version="1.0" encoding="UTF-8"?>
<!-- Generated by org.testng.reporters.JUnitXMLReporter -->
<testsuite ignored="0" hostname="PremKumar" failures="0" tests="11" name="Test" time="7.901" errors="0" timestamp="2026-05-13T11:32:10 IST">
  <testcase classname="api.tests.UserTest" name="testCreateUser" time="3.145"/>
  <testcase classname="api.tests.UserTest" name="testUpdateUser" time="0.67"/>
  <testcase classname="api.tests.UserTest" name="testGetUser" time="0.579"/>
  <testcase classname="api.tests.UserTest" name="testDeleteUser" time="0.292"/>
  <testcase classname="api.tests.UserTest2" name="testCreateUser" time="0.358"/>
  <testcase classname="api.tests.UserTest2" name="testUpdateUser" time="0.528"/>
  <testcase classname="api.tests.UserTest2" name="testGetUser" time="0.069"/>
  <testcase classname="api.tests.UserTest2" name="testDeleteUser" time="0.292"/>
  <testcase classname="api.tests.DataDrivenTests" name="testCreateUser" time="0.29"/>
  <testcase classname="api.tests.DataDrivenTests" name="testCreateUser" time="0.311"/>
  <testcase classname="api.tests.DataDrivenTests" name="testCreateUser" time="0.291"/>
</testsuite> <!-- Test -->
