<?xml version="1.0" encoding="UTF-8"?>
<testng-results ignored="0" total="11" passed="11" failed="0" skipped="0">
  <reporter-output>
  </reporter-output>
  <suite started-at="2026-05-13T11:32:02 IST" name="Suite" finished-at="2026-05-13T11:32:10 IST" duration-ms="7901">
    <groups>
    </groups>
    <test started-at="2026-05-13T11:32:02 IST" name="Test" finished-at="2026-05-13T11:32:10 IST" duration-ms="7901">
      <class name="api.tests.UserTest2">
        <test-method is-config="true" signature="dataSetup()[pri:0, instance:api.tests.UserTest2@38af9828]" started-at="2026-05-13T11:32:07 IST" name="dataSetup" finished-at="2026-05-13T11:32:07 IST" duration-ms="27" status="PASS">
          <reporter-output>
          </reporter-output>
        </test-method> <!-- dataSetup -->
        <test-method signature="testCreateUser()[pri:1, instance:api.tests.UserTest2@38af9828]" started-at="2026-05-13T11:32:07 IST" name="testCreateUser" finished-at="2026-05-13T11:32:07 IST" duration-ms="358" status="PASS">
          <reporter-output>
          </reporter-output>
        </test-method> <!-- testCreateUser -->
        <test-method signature="testUpdateUser()[pri:2, instance:api.tests.UserTest2@38af9828]" started-at="2026-05-13T11:32:07 IST" name="testUpdateUser" finished-at="2026-05-13T11:32:08 IST" duration-ms="528" status="PASS">
          <reporter-output>
          </reporter-output>
        </test-method> <!-- testUpdateUser -->
        <test-method signature="testGetUser()[pri:3, instance:api.tests.UserTest2@38af9828]" started-at="2026-05-13T11:32:08 IST" name="testGetUser" finished-at="2026-05-13T11:32:08 IST" duration-ms="69" status="PASS">
          <reporter-output>
          </reporter-output>
        </test-method> <!-- testGetUser -->
        <test-method signature="testDeleteUser()[pri:4, instance:api.tests.UserTest2@38af9828]" started-at="2026-05-13T11:32:08 IST" name="testDeleteUser" finished-at="2026-05-13T11:32:08 IST" duration-ms="292" status="PASS">
          <reporter-output>
          </reporter-output>
        </test-method> <!-- testDeleteUser -->
      </class> <!-- api.tests.UserTest2 -->
      <class name="api.tests.DataDrivenTests">
        <test-method signature="testCreateUser(java.lang.String,java.lang.String)[pri:1, instance:api.tests.DataDrivenTests@376a0d86]" started-at="2026-05-13T11:32:09 IST" name="testCreateUser" data-provider="dp" finished-at="2026-05-13T11:32:09 IST" duration-ms="290" status="PASS">
          <params>
            <param index="0">
              <value>
                <![CDATA[John]]>
              </value>
            </param>
            <param index="1">
              <value>
                <![CDATA[engineer]]>
              </value>
            </param>
          </params>
          <reporter-output>
          </reporter-output>
        </test-method> <!-- testCreateUser -->
        <test-method signature="testCreateUser(java.lang.String,java.lang.String)[pri:1, instance:api.tests.DataDrivenTests@376a0d86]" started-at="2026-05-13T11:32:09 IST" name="testCreateUser" data-provider="dp" finished-at="2026-05-13T11:32:10 IST" duration-ms="311" status="PASS">
          <params>
            <param index="0">
              <value>
                <![CDATA[Kim]]>
              </value>
            </param>
            <param index="1">
              <value>
                <![CDATA[teacher]]>
              </value>
            </param>
          </params>
          <reporter-output>
          </reporter-output>
        </test-method> <!-- testCreateUser -->
        <test-method signature="testCreateUser(java.lang.String,java.lang.String)[pri:1, instance:api.tests.DataDrivenTests@376a0d86]" started-at="2026-05-13T11:32:10 IST" name="testCreateUser" data-provider="dp" finished-at="2026-05-13T11:32:10 IST" duration-ms="291" status="PASS">
          <params>
            <param index="0">
              <value>
                <![CDATA[Smith]]>
              </value>
            </param>
            <param index="1">
              <value>
                <![CDATA[Trainer]]>
              </value>
            </param>
          </params>
          <reporter-output>
          </reporter-output>
        </test-method> <!-- testCreateUser -->
      </class> <!-- api.tests.DataDrivenTests -->
      <class name="api.tests.UserTest">
        <test-method is-config="true" signature="dataSetup()[pri:0, instance:api.tests.UserTest@238d68ff]" started-at="2026-05-13T11:32:02 IST" name="dataSetup" finished-at="2026-05-13T11:32:02 IST" duration-ms="274" status="PASS">
          <reporter-output>
          </reporter-output>
        </test-method> <!-- dataSetup -->
        <test-method signature="testCreateUser()[pri:1, instance:api.tests.UserTest@238d68ff]" started-at="2026-05-13T11:32:02 IST" name="testCreateUser" finished-at="2026-05-13T11:32:05 IST" duration-ms="3145" status="PASS">
          <reporter-output>
          </reporter-output>
        </test-method> <!-- testCreateUser -->
        <test-method signature="testUpdateUser()[pri:2, instance:api.tests.UserTest@238d68ff]" started-at="2026-05-13T11:32:05 IST" name="testUpdateUser" finished-at="2026-05-13T11:32:06 IST" duration-ms="670" status="PASS">
          <reporter-output>
          </reporter-output>
        </test-method> <!-- testUpdateUser -->
        <test-method signature="testGetUser()[pri:3, instance:api.tests.UserTest@238d68ff]" started-at="2026-05-13T11:32:06 IST" name="testGetUser" finished-at="2026-05-13T11:32:07 IST" duration-ms="579" status="PASS">
          <reporter-output>
          </reporter-output>
        </test-method> <!-- testGetUser -->
        <test-method signature="testDeleteUser()[pri:4, instance:api.tests.UserTest@238d68ff]" started-at="2026-05-13T11:32:07 IST" name="testDeleteUser" finished-at="2026-05-13T11:32:07 IST" duration-ms="292" status="PASS">
          <reporter-output>
          </reporter-output>
        </test-method> <!-- testDeleteUser -->
      </class> <!-- api.tests.UserTest -->
    </test> <!-- Test -->
  </suite> <!-- Suite -->
</testng-results>
