<?xml version="1.0" encoding="UTF-8"?>
<testng-results ignored="0" total="4" passed="4" failed="0" skipped="0">
  <reporter-output>
  </reporter-output>
  <suite started-at="2026-05-12T22:52:33 IST" name="Default suite" finished-at="2026-05-12T22:52:38 IST" duration-ms="5404">
    <groups>
    </groups>
    <test started-at="2026-05-12T22:52:33 IST" name="Default test" finished-at="2026-05-12T22:52:38 IST" duration-ms="5404">
      <class name="api.tests.UserTest">
        <test-method is-config="true" signature="dataSetup()[pri:0, instance:api.tests.UserTest@179ece50]" started-at="2026-05-12T22:52:33 IST" name="dataSetup" finished-at="2026-05-12T22:52:33 IST" duration-ms="166" status="PASS">
          <reporter-output>
          </reporter-output>
        </test-method> <!-- dataSetup -->
        <test-method signature="testCreateUser()[pri:1, instance:api.tests.UserTest@179ece50]" started-at="2026-05-12T22:52:33 IST" name="testCreateUser" finished-at="2026-05-12T22:52:37 IST" duration-ms="3511" status="PASS">
          <reporter-output>
          </reporter-output>
        </test-method> <!-- testCreateUser -->
        <test-method signature="testUpdateUser()[pri:2, instance:api.tests.UserTest@179ece50]" started-at="2026-05-12T22:52:37 IST" name="testUpdateUser" finished-at="2026-05-12T22:52:37 IST" duration-ms="403" status="PASS">
          <reporter-output>
          </reporter-output>
        </test-method> <!-- testUpdateUser -->
        <test-method signature="testGetUser()[pri:3, instance:api.tests.UserTest@179ece50]" started-at="2026-05-12T22:52:37 IST" name="testGetUser" finished-at="2026-05-12T22:52:38 IST" duration-ms="851" status="PASS">
          <reporter-output>
          </reporter-output>
        </test-method> <!-- testGetUser -->
        <test-method signature="testDeleteUser()[pri:4, instance:api.tests.UserTest@179ece50]" started-at="2026-05-12T22:52:38 IST" name="testDeleteUser" finished-at="2026-05-12T22:52:38 IST" duration-ms="411" status="PASS">
          <reporter-output>
          </reporter-output>
        </test-method> <!-- testDeleteUser -->
      </class> <!-- api.tests.UserTest -->
    </test> <!-- Default test -->
  </suite> <!-- Default suite -->
</testng-results>
