<?xml version="1.0" encoding="UTF-8"?>
<!-- Generated by org.testng.reporters.JUnitReportReporter -->
<testsuite hostname="PremKumar" failures="0" tests="3" name="api.tests.DataDrivenTests" time="0.892" errors="0" timestamp="2026-05-13T11:32:10 IST" skipped="0">
  <testcase classname="api.tests.DataDrivenTests" name="testCreateUser" time="0.291"/>
  <testcase classname="api.tests.DataDrivenTests" name="testCreateUser" time="0.311"/>
  <testcase classname="api.tests.DataDrivenTests" name="testCreateUser" time="0.290"/>
</testsuite> <!-- api.tests.DataDrivenTests -->
