<?xml version="1.0" encoding="UTF-8"?>
<!-- Generated by org.testng.reporters.JUnitReportReporter -->
<testsuite hostname="PremKumar" failures="0" tests="4" name="api.tests.UserTest2" time="1.247" errors="0" timestamp="2026-05-13T11:32:10 IST" skipped="0">
  <testcase classname="api.tests.UserTest2" name="testCreateUser" time="0.358"/>
  <testcase classname="api.tests.UserTest2" name="testUpdateUser" time="0.528"/>
  <testcase classname="api.tests.UserTest2" name="testGetUser" time="0.069"/>
  <testcase classname="api.tests.UserTest2" name="testDeleteUser" time="0.292"/>
</testsuite> <!-- api.tests.UserTest2 -->
