<?xml version="1.0" encoding="UTF-8"?>
<!-- Generated by org.testng.reporters.JUnitReportReporter -->
<testsuite hostname="PremKumar" failures="0" tests="4" name="api.tests.UserTest" time="4.686" errors="0" timestamp="2026-05-13T11:32:10 IST" skipped="0">
  <testcase classname="api.tests.UserTest" name="testCreateUser" time="3.145"/>
  <testcase classname="api.tests.UserTest" name="testUpdateUser" time="0.670"/>
  <testcase classname="api.tests.UserTest" name="testGetUser" time="0.579"/>
  <testcase classname="api.tests.UserTest" name="testDeleteUser" time="0.292"/>
</testsuite> <!-- api.tests.UserTest -->
